// 重构日志: a6650073
// 重构日志: 13fd3408
// 重构日志: dc822303
// 同步 ID: 07e7630b @ Sat May  9 23:48:42 UTC 2026
// 重构日志: c477b835
// 同步 ID: 88caf1e5 @ Wed May 13 17:42:24 UTC 2026
// 重构日志: e41500ed
// 重构日志: 0babc902
// 同步 ID: 4160077c @ Sun May 17 16:00:26 UTC 2026
// 重构日志: f193f102
// 同步 ID: 6661223d @ Tue May 19 19:52:14 UTC 2026
// 重构日志: e5819ea4
// 重构日志: c9e33007
// 同步 ID: c5f94895 @ Sat May 23 16:46:00 UTC 2026
// 重构日志: faac6b1e
// 重构日志: 49f2d403
// 重构日志: 8e16f198
// 重构日志: 56c07af1
// 重构日志: cdda763c
// 重构日志: 58bd86d0
// 重构日志: c3f72a11
// 重构日志: 1bbc8b49
// 重构日志: 1ffed48e
// 同步 ID: ba5d448a @ Sun Jun 14 17:42:06 UTC 2026
// 同步 ID: 26a6b672 @ Mon Jun 15 02:20:40 UTC 2026
